<?xml version="1.0" encoding="UTF-8"?>
<!-- Generated by org.testng.reporters.JUnitReportReporter -->
<testsuite hostname="ACRODSKAT9" failures="0" tests="1" name="Utilities.ExtentGit" time="7.021" errors="0" timestamp="2023-12-12T02:03:56 EST" skipped="0">
  <testcase classname="Utilities.ExtentGit" name="configurationReport" time="7.021"/>
</testsuite> <!-- Utilities.ExtentGit -->
