<?xml version="1.0" encoding="UTF-8"?>
<!-- Generated by org.testng.reporters.JUnitReportReporter -->
<testsuite hostname="ACRODSKAT9" failures="0" tests="4" name="Test.publicformtest" time="21.171" errors="0" timestamp="2023-12-13T02:22:46 EST" skipped="0">
  <testcase classname="Test.publicformtest" name="fillpublicform" time="4.600"/>
  <testcase classname="Test.publicformtest" name="fillpublicform" time="6.442"/>
  <testcase classname="Test.publicformtest" name="fillpublicform" time="4.723"/>
  <testcase classname="Test.publicformtest" name="fillpublicform" time="5.406"/>
</testsuite> <!-- Test.publicformtest -->
