<?xml version="1.0" encoding="UTF-8"?>
<!-- Generated by org.testng.reporters.JUnitReportReporter -->
<testsuite hostname="ACRODSKAT9" failures="0" tests="1" name="Test.Logintest" time="4.801" errors="0" timestamp="2023-12-12T05:46:17 EST" skipped="0">
  <testcase classname="Test.Logintest" name="loginsuppllier" time="4.801"/>
</testsuite> <!-- Test.Logintest -->
