<?xml version="1.0" encoding="UTF-8"?>
<!-- Generated by org.testng.reporters.JUnitReportReporter -->
<testsuite hostname="ACRODSKAT9" failures="0" tests="1" name="Test.Logintest" time="6.809" errors="0" timestamp="2023-12-12T03:23:40 EST" skipped="0">
  <testcase classname="Test.Logintest" name="loginsuppllier" time="6.809"/>
</testsuite> <!-- Test.Logintest -->
