<?xml version="1.0" encoding="UTF-8"?>
<!-- Generated by org.testng.reporters.JUnitReportReporter -->
<testsuite hostname="ACRODSKAT9" failures="0" tests="2" name="Test.publicformtest" time="12.590" errors="0" timestamp="2023-12-06T05:48:50 EST" skipped="0">
  <testcase classname="Test.publicformtest" name="fillpublicform" time="4.577"/>
  <testcase classname="Test.publicformtest" name="fillpublicform" time="8.013"/>
</testsuite> <!-- Test.publicformtest -->
