<?xml version="1.0" encoding="UTF-8"?>
<!-- Generated by org.testng.reporters.JUnitReportReporter -->
<testsuite hostname="ACRODSKAT9" failures="0" tests="1" name="Test.SignUpForRegistrationPortalTest" time="11.805" errors="0" timestamp="2023-12-07T02:15:09 EST" skipped="0">
  <testcase classname="Test.SignUpForRegistrationPortalTest" name="loginsuppllier" time="11.805"/>
</testsuite> <!-- Test.SignUpForRegistrationPortalTest -->
